<?xml version="1.0" encoding="UTF-8"?>
<!-- Generated by org.testng.reporters.JUnitReportReporter -->
<testsuite hostname="Juan" failures="0" tests="1" name="Test.TestNgEjemplo" time="0.068" errors="0" timestamp="20 Nov 2020 04:58:18 GMT">
  <testcase classname="Test.TestNgEjemplo" name="f" time="0.068"/>
</testsuite> <!-- Test.TestNgEjemplo -->
